This file contains any messages produced by compilers while
running configure, to aid debugging if configure makes a mistake.

It was created by configure, which was
generated by GNU Autoconf 2.59.  Invocation command line was

  $ ./configure 

## --------- ##
## Platform. ##
## --------- ##

hostname = johannasmacbook
uname -m = x86_64
uname -r = 13.3.0
uname -s = Darwin
uname -v = Darwin Kernel Version 13.3.0: Tue Jun  3 21:27:35 PDT 2014; root:xnu-2422.110.17~1/RELEASE_X86_64

/usr/bin/uname -p = i386
/bin/uname -X     = unknown

/bin/arch              = unknown
/usr/bin/arch -k       = unknown
/usr/convex/getsysinfo = unknown
hostinfo               = Mach kernel version:
	 Darwin Kernel Version 13.3.0: Tue Jun  3 21:27:35 PDT 2014; root:xnu-2422.110.17~1/RELEASE_X86_64
Kernel configured for up to 2 processors.
2 processors are physically available.
2 processors are logically available.
Processor type: i486 (Intel 80486)
Processors active: 0 1
Primary memory available: 4.00 gigabytes
Default processor set: 168 tasks, 640 threads, 2 processors
Load average: 1.75, Mach factor: 0.64
/bin/machine           = unknown
/usr/bin/oslevel       = unknown
/bin/universe          = unknown

PATH: /opt/local/bin
PATH: /opt/local/sbin
PATH: /opt/local/bin
PATH: /opt/local/sbin
PATH: /usr/bin
PATH: /bin
PATH: /usr/sbin
PATH: /sbin
PATH: /usr/local/bin
PATH: /usr/texbin


## ----------- ##
## Core tests. ##
## ----------- ##

configure:1539: checking for a BSD-compatible install
configure:1594: result: /usr/bin/install -c
configure:1605: checking whether build environment is sane
configure:1648: result: yes
configure:1713: checking for gawk
configure:1742: result: no
configure:1713: checking for mawk
configure:1742: result: no
configure:1713: checking for nawk
configure:1742: result: no
configure:1713: checking for awk
configure:1729: found /usr/bin/awk
configure:1739: result: awk
configure:1749: checking whether make sets $(MAKE)
configure:1769: result: yes
configure:1990: checking for gcc
configure:2006: found /usr/bin/gcc
configure:2016: result: gcc
configure:2260: checking for C compiler version
configure:2263: gcc --version </dev/null >&5
Configured with: --prefix=/Applications/Xcode.app/Contents/Developer/usr --with-gxx-include-dir=/usr/include/c++/4.2.1
Apple LLVM version 5.1 (clang-503.0.40) (based on LLVM 3.4svn)
Target: x86_64-apple-darwin13.3.0
Thread model: posix
configure:2266: $? = 0
configure:2268: gcc -v </dev/null >&5
Configured with: --prefix=/Applications/Xcode.app/Contents/Developer/usr --with-gxx-include-dir=/usr/include/c++/4.2.1
Apple LLVM version 5.1 (clang-503.0.40) (based on LLVM 3.4svn)
Target: x86_64-apple-darwin13.3.0
Thread model: posix
configure:2271: $? = 0
configure:2273: gcc -V </dev/null >&5
clang: error: argument to '-V' is missing (expected 1 value)
clang: error: no input files
configure:2276: $? = 1
configure:2299: checking for C compiler default output file name
configure:2302: gcc    conftest.c  >&5
configure:2305: $? = 0
configure:2351: result: a.out
configure:2356: checking whether the C compiler works
configure:2362: ./a.out
configure:2365: $? = 0
configure:2382: result: yes
configure:2389: checking whether we are cross compiling
configure:2391: result: no
configure:2394: checking for suffix of executables
configure:2396: gcc -o conftest    conftest.c  >&5
configure:2399: $? = 0
configure:2424: result: 
configure:2430: checking for suffix of object files
configure:2451: gcc -c   conftest.c >&5
configure:2454: $? = 0
configure:2476: result: o
configure:2480: checking whether we are using the GNU C compiler
configure:2504: gcc -c   conftest.c >&5
configure:2510: $? = 0
configure:2514: test -z 
			 || test ! -s conftest.err
configure:2517: $? = 0
configure:2520: test -s conftest.o
configure:2523: $? = 0
configure:2536: result: yes
configure:2542: checking whether gcc accepts -g
configure:2563: gcc -c -g  conftest.c >&5
configure:2569: $? = 0
configure:2573: test -z 
			 || test ! -s conftest.err
configure:2576: $? = 0
configure:2579: test -s conftest.o
configure:2582: $? = 0
configure:2593: result: yes
configure:2610: checking for gcc option to accept ANSI C
configure:2680: gcc  -c -g -O2  conftest.c >&5
configure:2686: $? = 0
configure:2690: test -z 
			 || test ! -s conftest.err
configure:2693: $? = 0
configure:2696: test -s conftest.o
configure:2699: $? = 0
configure:2717: result: none needed
configure:2735: gcc -c -g -O2  conftest.c >&5
conftest.c:2:3: error: unknown type name 'choke'
  choke me
  ^
conftest.c:2:11: error: expected ';' after top level declarator
  choke me
          ^
          ;
2 errors generated.
configure:2741: $? = 1
configure: failed program was:
| #ifndef __cplusplus
|   choke me
| #endif
configure:2885: checking for style of include used by make
configure:2913: result: GNU
configure:2941: checking dependency style of gcc
configure:3031: result: gcc3
configure:3126: checking build system type
configure:3144: result: i386-apple-darwin13.3.0
configure:3152: checking host system type
configure:3166: result: i386-apple-darwin13.3.0
configure:3174: checking for a sed that does not truncate output
configure:3228: result: /usr/bin/sed
configure:3231: checking for egrep
configure:3241: result: grep -E
configure:3257: checking for ld used by gcc
configure:3324: result: /Applications/Xcode.app/Contents/Developer/Toolchains/XcodeDefault.xctoolchain/usr/bin/ld
configure:3333: checking if the linker (/Applications/Xcode.app/Contents/Developer/Toolchains/XcodeDefault.xctoolchain/usr/bin/ld) is GNU ld
configure:3348: result: no
configure:3353: checking for /Applications/Xcode.app/Contents/Developer/Toolchains/XcodeDefault.xctoolchain/usr/bin/ld option to reload object files
configure:3360: result: -r
configure:3378: checking for BSD-compatible nm
configure:3420: result: /usr/bin/nm
configure:3424: checking whether ln -s works
configure:3428: result: yes
configure:3435: checking how to recognise dependent libraries
configure:3607: result: pass_all
configure:3821: checking how to run the C preprocessor
configure:3856: gcc -E  conftest.c
configure:3862: $? = 0
configure:3894: gcc -E  conftest.c
conftest.c:11:10: fatal error: 'ac_nonexistent.h' file not found
#include <ac_nonexistent.h>
         ^
1 error generated.
configure:3900: $? = 1
configure: failed program was:
| /* confdefs.h.  */
| 
| #define PACKAGE_NAME ""
| #define PACKAGE_TARNAME ""
| #define PACKAGE_VERSION ""
| #define PACKAGE_STRING ""
| #define PACKAGE_BUGREPORT ""
| #define PACKAGE "samba"
| #define VERSION "0.1"
| /* end confdefs.h.  */
| #include <ac_nonexistent.h>
configure:3939: result: gcc -E
configure:3963: gcc -E  conftest.c
configure:3969: $? = 0
configure:4001: gcc -E  conftest.c
conftest.c:11:10: fatal error: 'ac_nonexistent.h' file not found
#include <ac_nonexistent.h>
         ^
1 error generated.
configure:4007: $? = 1
configure: failed program was:
| /* confdefs.h.  */
| 
| #define PACKAGE_NAME ""
| #define PACKAGE_TARNAME ""
| #define PACKAGE_VERSION ""
| #define PACKAGE_STRING ""
| #define PACKAGE_BUGREPORT ""
| #define PACKAGE "samba"
| #define VERSION "0.1"
| /* end confdefs.h.  */
| #include <ac_nonexistent.h>
configure:4051: checking for ANSI C header files
configure:4076: gcc -c -g -O2  conftest.c >&5
configure:4082: $? = 0
configure:4086: test -z 
			 || test ! -s conftest.err
configure:4089: $? = 0
configure:4092: test -s conftest.o
configure:4095: $? = 0
configure:4184: gcc -o conftest -g -O2   conftest.c  >&5
conftest.c:28:7: warning: implicitly declaring library function 'exit' with type 'void (int) __attribute__((noreturn))'
      exit(2);
      ^
conftest.c:28:7: note: please include the header <stdlib.h> or explicitly provide a declaration for 'exit'
1 warning generated.
configure:4187: $? = 0
configure:4189: ./conftest
configure:4192: $? = 0
configure:4207: result: yes
configure:4231: checking for sys/types.h
configure:4247: gcc -c -g -O2  conftest.c >&5
configure:4253: $? = 0
configure:4257: test -z 
			 || test ! -s conftest.err
configure:4260: $? = 0
configure:4263: test -s conftest.o
configure:4266: $? = 0
configure:4277: result: yes
configure:4231: checking for sys/stat.h
configure:4247: gcc -c -g -O2  conftest.c >&5
configure:4253: $? = 0
configure:4257: test -z 
			 || test ! -s conftest.err
configure:4260: $? = 0
configure:4263: test -s conftest.o
configure:4266: $? = 0
configure:4277: result: yes
configure:4231: checking for stdlib.h
configure:4247: gcc -c -g -O2  conftest.c >&5
configure:4253: $? = 0
configure:4257: test -z 
			 || test ! -s conftest.err
configure:4260: $? = 0
configure:4263: test -s conftest.o
configure:4266: $? = 0
configure:4277: result: yes
configure:4231: checking for string.h
configure:4247: gcc -c -g -O2  conftest.c >&5
configure:4253: $? = 0
configure:4257: test -z 
			 || test ! -s conftest.err
configure:4260: $? = 0
configure:4263: test -s conftest.o
configure:4266: $? = 0
configure:4277: result: yes
configure:4231: checking for memory.h
configure:4247: gcc -c -g -O2  conftest.c >&5
configure:4253: $? = 0
configure:4257: test -z 
			 || test ! -s conftest.err
configure:4260: $? = 0
configure:4263: test -s conftest.o
configure:4266: $? = 0
configure:4277: result: yes
configure:4231: checking for strings.h
configure:4247: gcc -c -g -O2  conftest.c >&5
configure:4253: $? = 0
configure:4257: test -z 
			 || test ! -s conftest.err
configure:4260: $? = 0
configure:4263: test -s conftest.o
configure:4266: $? = 0
configure:4277: result: yes
configure:4231: checking for inttypes.h
configure:4247: gcc -c -g -O2  conftest.c >&5
configure:4253: $? = 0
configure:4257: test -z 
			 || test ! -s conftest.err
configure:4260: $? = 0
configure:4263: test -s conftest.o
configure:4266: $? = 0
configure:4277: result: yes
configure:4231: checking for stdint.h
configure:4247: gcc -c -g -O2  conftest.c >&5
configure:4253: $? = 0
configure:4257: test -z 
			 || test ! -s conftest.err
configure:4260: $? = 0
configure:4263: test -s conftest.o
configure:4266: $? = 0
configure:4277: result: yes
configure:4231: checking for unistd.h
configure:4247: gcc -c -g -O2  conftest.c >&5
configure:4253: $? = 0
configure:4257: test -z 
			 || test ! -s conftest.err
configure:4260: $? = 0
configure:4263: test -s conftest.o
configure:4266: $? = 0
configure:4277: result: yes
configure:4303: checking dlfcn.h usability
configure:4315: gcc -c -g -O2  conftest.c >&5
configure:4321: $? = 0
configure:4325: test -z 
			 || test ! -s conftest.err
configure:4328: $? = 0
configure:4331: test -s conftest.o
configure:4334: $? = 0
configure:4344: result: yes
configure:4348: checking dlfcn.h presence
configure:4358: gcc -E  conftest.c
configure:4364: $? = 0
configure:4384: result: yes
configure:4419: checking for dlfcn.h
configure:4426: result: yes
configure:4491: checking for g++
configure:4507: found /usr/bin/g++
configure:4517: result: g++
configure:4533: checking for C++ compiler version
configure:4536: g++ --version </dev/null >&5
Configured with: --prefix=/Applications/Xcode.app/Contents/Developer/usr --with-gxx-include-dir=/usr/include/c++/4.2.1
Apple LLVM version 5.1 (clang-503.0.40) (based on LLVM 3.4svn)
Target: x86_64-apple-darwin13.3.0
Thread model: posix
configure:4539: $? = 0
configure:4541: g++ -v </dev/null >&5
Configured with: --prefix=/Applications/Xcode.app/Contents/Developer/usr --with-gxx-include-dir=/usr/include/c++/4.2.1
Apple LLVM version 5.1 (clang-503.0.40) (based on LLVM 3.4svn)
Target: x86_64-apple-darwin13.3.0
Thread model: posix
configure:4544: $? = 0
configure:4546: g++ -V </dev/null >&5
clang: error: argument to '-V' is missing (expected 1 value)
clang: error: no input files
configure:4549: $? = 1
configure:4552: checking whether we are using the GNU C++ compiler
configure:4576: g++ -c   conftest.cc >&5
configure:4582: $? = 0
configure:4586: test -z 
			 || test ! -s conftest.err
configure:4589: $? = 0
configure:4592: test -s conftest.o
configure:4595: $? = 0
configure:4608: result: yes
configure:4614: checking whether g++ accepts -g
configure:4635: g++ -c -g  conftest.cc >&5
configure:4641: $? = 0
configure:4645: test -z 
			 || test ! -s conftest.err
configure:4648: $? = 0
configure:4651: test -s conftest.o
configure:4654: $? = 0
configure:4665: result: yes
configure:4707: g++ -c -g -O2  conftest.cc >&5
configure:4713: $? = 0
configure:4717: test -z 
			 || test ! -s conftest.err
configure:4720: $? = 0
configure:4723: test -s conftest.o
configure:4726: $? = 0
configure:4752: g++ -c -g -O2  conftest.cc >&5
conftest.cc:26:1: error: use of undeclared identifier 'exit'
exit (42);
^
1 error generated.
configure:4758: $? = 1
configure: failed program was:
| /* confdefs.h.  */
| 
| #define PACKAGE_NAME ""
| #define PACKAGE_TARNAME ""
| #define PACKAGE_VERSION ""
| #define PACKAGE_STRING ""
| #define PACKAGE_BUGREPORT ""
| #define PACKAGE "samba"
| #define VERSION "0.1"
| #define STDC_HEADERS 1
| #define HAVE_SYS_TYPES_H 1
| #define HAVE_SYS_STAT_H 1
| #define HAVE_STDLIB_H 1
| #define HAVE_STRING_H 1
| #define HAVE_MEMORY_H 1
| #define HAVE_STRINGS_H 1
| #define HAVE_INTTYPES_H 1
| #define HAVE_STDINT_H 1
| #define HAVE_UNISTD_H 1
| #define HAVE_DLFCN_H 1
| /* end confdefs.h.  */
| 
| int
| main ()
| {
| exit (42);
|   ;
|   return 0;
| }
configure:4707: g++ -c -g -O2  conftest.cc >&5
conftest.cc:22:17: error: use of undeclared identifier 'std'
extern "C" void std::exit (int) throw (); using std::exit;
                ^
conftest.cc:22:49: error: use of undeclared identifier 'std'
extern "C" void std::exit (int) throw (); using std::exit;
                                                ^
2 errors generated.
configure:4713: $? = 1
configure: failed program was:
| /* confdefs.h.  */
| 
| #define PACKAGE_NAME ""
| #define PACKAGE_TARNAME ""
| #define PACKAGE_VERSION ""
| #define PACKAGE_STRING ""
| #define PACKAGE_BUGREPORT ""
| #define PACKAGE "samba"
| #define VERSION "0.1"
| #define STDC_HEADERS 1
| #define HAVE_SYS_TYPES_H 1
| #define HAVE_SYS_STAT_H 1
| #define HAVE_STDLIB_H 1
| #define HAVE_STRING_H 1
| #define HAVE_MEMORY_H 1
| #define HAVE_STRINGS_H 1
| #define HAVE_INTTYPES_H 1
| #define HAVE_STDINT_H 1
| #define HAVE_UNISTD_H 1
| #define HAVE_DLFCN_H 1
| /* end confdefs.h.  */
| extern "C" void std::exit (int) throw (); using std::exit;
| #include <stdlib.h>
| int
| main ()
| {
| exit (42);
|   ;
|   return 0;
| }
configure:4707: g++ -c -g -O2  conftest.cc >&5
conftest.cc:22:17: error: use of undeclared identifier 'std'
extern "C" void std::exit (int); using std::exit;
                ^
conftest.cc:22:40: error: use of undeclared identifier 'std'
extern "C" void std::exit (int); using std::exit;
                                       ^
2 errors generated.
configure:4713: $? = 1
configure: failed program was:
| /* confdefs.h.  */
| 
| #define PACKAGE_NAME ""
| #define PACKAGE_TARNAME ""
| #define PACKAGE_VERSION ""
| #define PACKAGE_STRING ""
| #define PACKAGE_BUGREPORT ""
| #define PACKAGE "samba"
| #define VERSION "0.1"
| #define STDC_HEADERS 1
| #define HAVE_SYS_TYPES_H 1
| #define HAVE_SYS_STAT_H 1
| #define HAVE_STDLIB_H 1
| #define HAVE_STRING_H 1
| #define HAVE_MEMORY_H 1
| #define HAVE_STRINGS_H 1
| #define HAVE_INTTYPES_H 1
| #define HAVE_STDINT_H 1
| #define HAVE_UNISTD_H 1
| #define HAVE_DLFCN_H 1
| /* end confdefs.h.  */
| extern "C" void std::exit (int); using std::exit;
| #include <stdlib.h>
| int
| main ()
| {
| exit (42);
|   ;
|   return 0;
| }
configure:4707: g++ -c -g -O2  conftest.cc >&5
configure:4713: $? = 0
configure:4717: test -z 
			 || test ! -s conftest.err
configure:4720: $? = 0
configure:4723: test -s conftest.o
configure:4726: $? = 0
configure:4752: g++ -c -g -O2  conftest.cc >&5
configure:4758: $? = 0
configure:4762: test -z 
			 || test ! -s conftest.err
configure:4765: $? = 0
configure:4768: test -s conftest.o
configure:4771: $? = 0
configure:4796: checking dependency style of g++
configure:4886: result: gcc3
configure:4913: checking how to run the C++ preprocessor
configure:4944: g++ -E  conftest.cc
configure:4950: $? = 0
configure:4982: g++ -E  conftest.cc
conftest.cc:25:10: fatal error: 'ac_nonexistent.h' file not found
#include <ac_nonexistent.h>
         ^
1 error generated.
configure:4988: $? = 1
configure: failed program was:
| /* confdefs.h.  */
| 
| #define PACKAGE_NAME ""
| #define PACKAGE_TARNAME ""
| #define PACKAGE_VERSION ""
| #define PACKAGE_STRING ""
| #define PACKAGE_BUGREPORT ""
| #define PACKAGE "samba"
| #define VERSION "0.1"
| #define STDC_HEADERS 1
| #define HAVE_SYS_TYPES_H 1
| #define HAVE_SYS_STAT_H 1
| #define HAVE_STDLIB_H 1
| #define HAVE_STRING_H 1
| #define HAVE_MEMORY_H 1
| #define HAVE_STRINGS_H 1
| #define HAVE_INTTYPES_H 1
| #define HAVE_STDINT_H 1
| #define HAVE_UNISTD_H 1
| #define HAVE_DLFCN_H 1
| #ifdef __cplusplus
| extern "C" void exit (int) throw ();
| #endif
| /* end confdefs.h.  */
| #include <ac_nonexistent.h>
configure:5027: result: g++ -E
configure:5051: g++ -E  conftest.cc
configure:5057: $? = 0
configure:5089: g++ -E  conftest.cc
conftest.cc:25:10: fatal error: 'ac_nonexistent.h' file not found
#include <ac_nonexistent.h>
         ^
1 error generated.
configure:5095: $? = 1
configure: failed program was:
| /* confdefs.h.  */
| 
| #define PACKAGE_NAME ""
| #define PACKAGE_TARNAME ""
| #define PACKAGE_VERSION ""
| #define PACKAGE_STRING ""
| #define PACKAGE_BUGREPORT ""
| #define PACKAGE "samba"
| #define VERSION "0.1"
| #define STDC_HEADERS 1
| #define HAVE_SYS_TYPES_H 1
| #define HAVE_SYS_STAT_H 1
| #define HAVE_STDLIB_H 1
| #define HAVE_STRING_H 1
| #define HAVE_MEMORY_H 1
| #define HAVE_STRINGS_H 1
| #define HAVE_INTTYPES_H 1
| #define HAVE_STDINT_H 1
| #define HAVE_UNISTD_H 1
| #define HAVE_DLFCN_H 1
| #ifdef __cplusplus
| extern "C" void exit (int) throw ();
| #endif
| /* end confdefs.h.  */
| #include <ac_nonexistent.h>
configure:5192: checking for g77
configure:5221: result: no
configure:5192: checking for f77
configure:5221: result: no
configure:5192: checking for xlf
configure:5221: result: no
configure:5192: checking for frt
configure:5221: result: no
configure:5192: checking for pgf77
configure:5221: result: no
configure:5192: checking for fort77
configure:5221: result: no
configure:5192: checking for fl32
configure:5221: result: no
configure:5192: checking for af77
configure:5221: result: no
configure:5192: checking for f90
configure:5221: result: no
configure:5192: checking for xlf90
configure:5221: result: no
configure:5192: checking for pgf90
configure:5221: result: no
configure:5192: checking for epcf90
configure:5221: result: no
configure:5192: checking for f95
configure:5221: result: no
configure:5192: checking for fort
configure:5221: result: no
configure:5192: checking for xlf95
configure:5221: result: no
configure:5192: checking for ifc
configure:5221: result: no
configure:5192: checking for efc
configure:5221: result: no
configure:5192: checking for pgf95
configure:5221: result: no
configure:5192: checking for lf95
configure:5221: result: no
configure:5192: checking for gfortran
configure:5221: result: no
configure:5233: checking for Fortran 77 compiler version
configure:5236:  --version </dev/null >&5
./configure: line 5237: --version: command not found
configure:5239: $? = 127
configure:5241:  -v </dev/null >&5
./configure: line 5242: -v: command not found
configure:5244: $? = 127
configure:5246:  -V </dev/null >&5
./configure: line 5247: -V: command not found
configure:5249: $? = 127
configure:5257: checking whether we are using the GNU Fortran 77 compiler
configure:5271:  -c  conftest.F >&5
./configure: line 5272: -c: command not found
configure:5277: $? = 127
configure: failed program was:
|       program main
| #ifndef __GNUC__
|        choke me
| #endif
| 
|       end
configure:5303: result: no
configure:5309: checking whether  accepts -g
configure:5321:  -c -g conftest.f >&5
./configure: line 5322: -c: command not found
configure:5327: $? = 127
configure: failed program was:
|       program main
| 
|       end
configure:5352: result: no
configure:5382: checking the maximum length of command line arguments
configure:5474: result: 196608
configure:5485: checking command to parse /usr/bin/nm output from gcc object
configure:5581: gcc -c -g -O2  conftest.c >&5
configure:5584: $? = 0
configure:5588: /usr/bin/nm conftest.o \| sed -n -e 's/^.*[ 	]\([BCDEGRST][BCDEGRST]*\)[ 	][ 	]*\([_A-Za-z][_A-Za-z0-9]*\)$/\1 \2 \2/p' \> conftest.nm
configure:5591: $? = 0
cannot find nm_test_var in conftest.nm
configure:5581: gcc -c -g -O2  conftest.c >&5
configure:5584: $? = 0
configure:5588: /usr/bin/nm conftest.o \| sed -n -e 's/^.*[ 	]\([BCDEGRST][BCDEGRST]*\)[ 	][ 	]*_\([_A-Za-z][_A-Za-z0-9]*\)$/\1 _\2 \2/p' \> conftest.nm
configure:5591: $? = 0
configure:5643: gcc -o conftest -g -O2   conftest.c conftstm.o >&5
configure:5646: $? = 0
configure:5684: result: ok
configure:5688: checking for objdir
configure:5703: result: .libs
configure:5793: checking for ar
configure:5809: found /usr/bin/ar
configure:5820: result: ar
configure:5873: checking for ranlib
configure:5889: found /usr/bin/ranlib
configure:5900: result: ranlib
configure:5953: checking for strip
configure:5969: found /usr/bin/strip
configure:5980: result: strip
configure:6267: checking if gcc static flag  works
configure:6295: result: yes
configure:6313: checking if gcc supports -fno-rtti -fno-exceptions
configure:6331: gcc -c -g -O2  -fno-rtti -fno-exceptions conftest.c >&5
configure:6335: $? = 0
configure:6348: result: yes
configure:6363: checking for gcc option to produce PIC
configure:6567: result: -fno-common
configure:6575: checking if gcc PIC flag -fno-common works
configure:6593: gcc -c -g -O2  -fno-common -DPIC conftest.c >&5
configure:6597: $? = 0
configure:6610: result: yes
configure:6634: checking if gcc supports -c -o file.o
configure:6655: gcc -c -g -O2  -o out/conftest2.o conftest.c >&5
configure:6659: $? = 0
configure:6681: result: yes
configure:6707: checking whether the gcc linker (/Applications/Xcode.app/Contents/Developer/Toolchains/XcodeDefault.xctoolchain/usr/bin/ld) supports shared libraries
configure:7603: result: yes
configure:7674: checking dynamic linker characteristics
configure:8228: result: darwin13.3.0 dyld
configure:8232: checking how to hardcode library paths into programs
configure:8257: result: immediate
configure:8271: checking whether stripping libraries is possible
configure:8284: result: yes
configure:9106: checking if libtool supports shared libraries
configure:9108: result: yes
configure:9111: checking whether to build shared libraries
configure:9132: result: yes
configure:9135: checking whether to build static libraries
configure:9139: result: yes
configure:9231: creating libtool
configure:9809: checking for ld used by g++
configure:9876: result: /Applications/Xcode.app/Contents/Developer/Toolchains/XcodeDefault.xctoolchain/usr/bin/ld
configure:9885: checking if the linker (/Applications/Xcode.app/Contents/Developer/Toolchains/XcodeDefault.xctoolchain/usr/bin/ld) is GNU ld
configure:9900: result: no
configure:9951: checking whether the g++ linker (/Applications/Xcode.app/Contents/Developer/Toolchains/XcodeDefault.xctoolchain/usr/bin/ld) supports shared libraries
configure:10831: result: yes
configure:10849: g++ -c -g -O2  conftest.cpp >&5
configure:10852: $? = 0
configure:10962: checking for g++ option to produce PIC
configure:11230: result: -fno-common
configure:11238: checking if g++ PIC flag -fno-common works
configure:11256: g++ -c -g -O2  -fno-common -DPIC conftest.cpp >&5
configure:11260: $? = 0
configure:11273: result: yes
configure:11297: checking if g++ supports -c -o file.o
configure:11318: g++ -c -g -O2  -o out/conftest2.o conftest.cpp >&5
configure:11322: $? = 0
configure:11344: result: yes
configure:11370: checking whether the g++ linker (/Applications/Xcode.app/Contents/Developer/Toolchains/XcodeDefault.xctoolchain/usr/bin/ld) supports shared libraries
configure:11395: result: yes
configure:11466: checking dynamic linker characteristics
configure:12020: result: darwin13.3.0 dyld
configure:12024: checking how to hardcode library paths into programs
configure:12049: result: immediate
configure:12063: checking whether stripping libraries is possible
configure:12076: result: yes
configure:19708: creating ./config.status

## ---------------------- ##
## Running config.status. ##
## ---------------------- ##

This file was extended by config.status, which was
generated by GNU Autoconf 2.59.  Invocation command line was

  CONFIG_FILES    = 
  CONFIG_HEADERS  = 
  CONFIG_LINKS    = 
  CONFIG_COMMANDS = 
  $ ./config.status 

on johannasmacbook

config.status:715: creating Makefile
config.status:715: creating src/Makefile
config.status:819: creating config.h
config.status:1107: executing depfiles commands

## ---------------- ##
## Cache variables. ##
## ---------------- ##

ac_cv_build=i386-apple-darwin13.3.0
ac_cv_build_alias=i386-apple-darwin13.3.0
ac_cv_c_compiler_gnu=yes
ac_cv_cxx_compiler_gnu=yes
ac_cv_env_CC_set=
ac_cv_env_CC_value=
ac_cv_env_CFLAGS_set=
ac_cv_env_CFLAGS_value=
ac_cv_env_CPPFLAGS_set=
ac_cv_env_CPPFLAGS_value=
ac_cv_env_CPP_set=
ac_cv_env_CPP_value=
ac_cv_env_CXXCPP_set=
ac_cv_env_CXXCPP_value=
ac_cv_env_CXXFLAGS_set=
ac_cv_env_CXXFLAGS_value=
ac_cv_env_CXX_set=
ac_cv_env_CXX_value=
ac_cv_env_F77_set=
ac_cv_env_F77_value=
ac_cv_env_FFLAGS_set=
ac_cv_env_FFLAGS_value=
ac_cv_env_LDFLAGS_set=
ac_cv_env_LDFLAGS_value=
ac_cv_env_build_alias_set=
ac_cv_env_build_alias_value=
ac_cv_env_host_alias_set=
ac_cv_env_host_alias_value=
ac_cv_env_target_alias_set=
ac_cv_env_target_alias_value=
ac_cv_exeext=
ac_cv_f77_compiler_gnu=no
ac_cv_header_dlfcn_h=yes
ac_cv_header_inttypes_h=yes
ac_cv_header_memory_h=yes
ac_cv_header_stdc=yes
ac_cv_header_stdint_h=yes
ac_cv_header_stdlib_h=yes
ac_cv_header_string_h=yes
ac_cv_header_strings_h=yes
ac_cv_header_sys_stat_h=yes
ac_cv_header_sys_types_h=yes
ac_cv_header_unistd_h=yes
ac_cv_host=i386-apple-darwin13.3.0
ac_cv_host_alias=i386-apple-darwin13.3.0
ac_cv_objext=o
ac_cv_path_install='/usr/bin/install -c'
ac_cv_prog_AWK=awk
ac_cv_prog_CPP='gcc -E'
ac_cv_prog_CXXCPP='g++ -E'
ac_cv_prog_ac_ct_AR=ar
ac_cv_prog_ac_ct_CC=gcc
ac_cv_prog_ac_ct_CXX=g++
ac_cv_prog_ac_ct_RANLIB=ranlib
ac_cv_prog_ac_ct_STRIP=strip
ac_cv_prog_cc_g=yes
ac_cv_prog_cc_stdc=
ac_cv_prog_cxx_g=yes
ac_cv_prog_egrep='grep -E'
ac_cv_prog_f77_g=no
ac_cv_prog_make_make_set=yes
am_cv_CC_dependencies_compiler_type=gcc3
am_cv_CXX_dependencies_compiler_type=gcc3
lt_cv_deplibs_check_method=pass_all
lt_cv_file_magic_cmd='$MAGIC_CMD'
lt_cv_file_magic_test_file=
lt_cv_ld_reload_flag=-r
lt_cv_objdir=.libs
lt_cv_path_LD=/Applications/Xcode.app/Contents/Developer/Toolchains/XcodeDefault.xctoolchain/usr/bin/ld
lt_cv_path_LDCXX=/Applications/Xcode.app/Contents/Developer/Toolchains/XcodeDefault.xctoolchain/usr/bin/ld
lt_cv_path_NM=/usr/bin/nm
lt_cv_path_SED=/usr/bin/sed
lt_cv_prog_compiler_c_o=yes
lt_cv_prog_compiler_c_o_CXX=yes
lt_cv_prog_compiler_rtti_exceptions=yes
lt_cv_prog_gnu_ld=no
lt_cv_prog_gnu_ldcxx=no
lt_cv_sys_global_symbol_pipe='sed -n -e '\''s/^.*[ 	]\([BCDEGRST][BCDEGRST]*\)[ 	][ 	]*_\([_A-Za-z][_A-Za-z0-9]*\)$/\1 _\2 \2/p'\'''
lt_cv_sys_global_symbol_to_c_name_address='sed -n -e '\''s/^: \([^ ]*\) $/  {\"\1\", (lt_ptr) 0},/p'\'' -e '\''s/^[BCDEGRST] \([^ ]*\) \([^ ]*\)$/  {"\2", (lt_ptr) \&\2},/p'\'''
lt_cv_sys_global_symbol_to_cdecl='sed -n -e '\''s/^. .* \(.*\)$/extern int \1;/p'\'''
lt_cv_sys_max_cmd_len=196608
lt_lt_cv_prog_compiler_c_o='"yes"'
lt_lt_cv_prog_compiler_c_o_CXX='"yes"'
lt_lt_cv_sys_global_symbol_pipe='"sed -n -e '\''s/^.*[ 	]\\([BCDEGRST][BCDEGRST]*\\)[ 	][ 	]*_\\([_A-Za-z][_A-Za-z0-9]*\\)\$/\\1 _\\2 \\2/p'\''"'
lt_lt_cv_sys_global_symbol_to_c_name_address='"sed -n -e '\''s/^: \\([^ ]*\\) \$/  {\\\"\\1\\\", (lt_ptr) 0},/p'\'' -e '\''s/^[BCDEGRST] \\([^ ]*\\) \\([^ ]*\\)\$/  {\"\\2\", (lt_ptr) \\&\\2},/p'\''"'
lt_lt_cv_sys_global_symbol_to_cdecl='"sed -n -e '\''s/^. .* \\(.*\\)\$/extern int \\1;/p'\''"'

## ----------------- ##
## Output variables. ##
## ----------------- ##

ACLOCAL='${SHELL} /Users/johanna/Desktop/freesba-0.3.5/missing --run aclocal-1.9'
AMDEPBACKSLASH='\'
AMDEP_FALSE='#'
AMDEP_TRUE=''
AMTAR='${SHELL} /Users/johanna/Desktop/freesba-0.3.5/missing --run tar'
AR='ar'
AUTOCONF='${SHELL} /Users/johanna/Desktop/freesba-0.3.5/missing --run autoconf'
AUTOHEADER='${SHELL} /Users/johanna/Desktop/freesba-0.3.5/missing --run autoheader'
AUTOMAKE='${SHELL} /Users/johanna/Desktop/freesba-0.3.5/missing --run automake-1.9'
AWK='awk'
CC='gcc'
CCDEPMODE='depmode=gcc3'
CFLAGS='-g -O2'
CPP='gcc -E'
CPPFLAGS=''
CXX='g++'
CXXCPP='g++ -E'
CXXDEPMODE='depmode=gcc3'
CXXFLAGS='-g -O2'
CYGPATH_W='echo'
DEFS='-DHAVE_CONFIG_H'
DEPDIR='.deps'
ECHO='/bin/echo'
ECHO_C='ECHO_N=''
ECHO_T=''
EGREP='grep -E'
EXEEXT=''
F77=''
FFLAGS=''
INSTALL_DATA='${INSTALL} -m 644'
INSTALL_PROGRAM='${INSTALL}'
INSTALL_SCRIPT='${INSTALL}'
INSTALL_STRIP_PROGRAM='${SHELL} $(install_sh) -c -s'
LDFLAGS=''
LIBOBJS=''
LIBS=''
LIBTOOL='$(SHELL) $(top_builddir)/libtool'
LN_S='ln -s'
LTLIBOBJS=''
MAKEINFO='${SHELL} /Users/johanna/Desktop/freesba-0.3.5/missing --run makeinfo'
OBJEXT='o'
PACKAGE='samba'
PACKAGE_BUGREPORT=''
PACKAGE_NAME=''
PACKAGE_STRING=''
PACKAGE_TARNAME=''
PACKAGE_VERSION=''
PATH_SEPARATOR=':'
RANLIB='ranlib'
SET_MAKE=''
SHELL='/bin/sh'
STRIP='strip'
VERSION='0.1'
ac_ct_AR='ar'
ac_ct_CC='gcc'
ac_ct_CXX='g++'
ac_ct_F77=''
ac_ct_RANLIB='ranlib'
ac_ct_STRIP='strip'
am__fastdepCC_FALSE='#'
am__fastdepCC_TRUE=''
am__fastdepCXX_FALSE='#'
am__fastdepCXX_TRUE=''
am__include='include'
am__leading_dot='.'
am__quote=''
am__tar='${AMTAR} chof - "$$tardir"'
am__untar='${AMTAR} xf -'
bindir='${exec_prefix}/bin'
build='i386-apple-darwin13.3.0'
build_alias=''
build_cpu='i386'
build_os='darwin13.3.0'
build_vendor='apple'
datadir='${prefix}/share'
exec_prefix='${prefix}'
host='i386-apple-darwin13.3.0'
host_alias=''
host_cpu='i386'
host_os='darwin13.3.0'
host_vendor='apple'
includedir='${prefix}/include'
infodir='${prefix}/info'
install_sh='/Users/johanna/Desktop/freesba-0.3.5/install-sh'
libdir='${exec_prefix}/lib'
libexecdir='${exec_prefix}/libexec'
localstatedir='${prefix}/var'
mandir='${prefix}/man'
mkdir_p='$(mkinstalldirs)'
oldincludedir='/usr/include'
prefix='/usr/local'
program_transform_name='s,x,x,'
sbindir='${exec_prefix}/sbin'
sharedstatedir='${prefix}/com'
sysconfdir='${prefix}/etc'
target_alias=''

## ----------- ##
## confdefs.h. ##
## ----------- ##

#define HAVE_DLFCN_H 1
#define HAVE_INTTYPES_H 1
#define HAVE_MEMORY_H 1
#define HAVE_STDINT_H 1
#define HAVE_STDLIB_H 1
#define HAVE_STRINGS_H 1
#define HAVE_STRING_H 1
#define HAVE_SYS_STAT_H 1
#define HAVE_SYS_TYPES_H 1
#define HAVE_UNISTD_H 1
#define PACKAGE "samba"
#define PACKAGE_BUGREPORT ""
#define PACKAGE_NAME ""
#define PACKAGE_STRING ""
#define PACKAGE_TARNAME ""
#define PACKAGE_VERSION ""
#define STDC_HEADERS 1
#define VERSION "0.1"
#endif
#ifdef __cplusplus
extern "C" void exit (int) throw ();

configure: exit 0
